INFO:root:steps per epoch: 8
INFO:root:batch size: 32
INFO:root:Model: "model"

INFO:root:__________________________________________________________________________________________________

INFO:root:Layer (type)                    Output Shape         Param #     Connected to                     

INFO:root:==================================================================================================

INFO:root:input_1 (InputLayer)            [(None, 64, 64, 1)]  0                                            

INFO:root:__________________________________________________________________________________________________

INFO:root:conv2d (Conv2D)                 (None, 64, 64, 64)   128         input_1[0][0]                    

INFO:root:__________________________________________________________________________________________________

INFO:root:batch_normalization (BatchNorma (None, 64, 64, 64)   256         conv2d[0][0]                     

INFO:root:__________________________________________________________________________________________________

INFO:root:activation_lreludown_block_1_1  (None, 64, 64, 64)   0           batch_normalization[0][0]        

INFO:root:__________________________________________________________________________________________________

INFO:root:conv2d_1 (Conv2D)               (None, 64, 64, 64)   36928       activation_lreludown_block_1_1[0]

INFO:root:__________________________________________________________________________________________________

INFO:root:batch_normalization_1 (BatchNor (None, 64, 64, 64)   256         conv2d_1[0][0]                   

INFO:root:__________________________________________________________________________________________________

INFO:root:activation_lreludown_block_1_2  (None, 64, 64, 64)   0           batch_normalization_1[0][0]      

INFO:root:__________________________________________________________________________________________________

INFO:root:conv2d_2 (Conv2D)               (None, 64, 64, 64)   36928       activation_lreludown_block_1_2[0]

INFO:root:__________________________________________________________________________________________________

INFO:root:add (Add)                       (None, 64, 64, 64)   0           conv2d_2[0][0]                   

INFO:root:                                                                 conv2d[0][0]                     

INFO:root:__________________________________________________________________________________________________

INFO:root:dropout (Dropout)               (None, 64, 64, 64)   0           add[0][0]                        

INFO:root:__________________________________________________________________________________________________

INFO:root:conv2d_3 (Conv2D)               (None, 64, 64, 64)   36928       dropout[0][0]                    

INFO:root:__________________________________________________________________________________________________

INFO:root:max_pooling2d (MaxPooling2D)    (None, 32, 32, 64)   0           conv2d_3[0][0]                   

INFO:root:__________________________________________________________________________________________________

INFO:root:conv2d_4 (Conv2D)               (None, 32, 32, 128)  8320        max_pooling2d[0][0]              

INFO:root:__________________________________________________________________________________________________

INFO:root:batch_normalization_2 (BatchNor (None, 32, 32, 128)  512         conv2d_4[0][0]                   

INFO:root:__________________________________________________________________________________________________

INFO:root:activation_lreludown_block_2_1  (None, 32, 32, 128)  0           batch_normalization_2[0][0]      

INFO:root:__________________________________________________________________________________________________

INFO:root:conv2d_5 (Conv2D)               (None, 32, 32, 128)  147584      activation_lreludown_block_2_1[0]

INFO:root:__________________________________________________________________________________________________

INFO:root:batch_normalization_3 (BatchNor (None, 32, 32, 128)  512         conv2d_5[0][0]                   

INFO:root:__________________________________________________________________________________________________

INFO:root:activation_lreludown_block_2_2  (None, 32, 32, 128)  0           batch_normalization_3[0][0]      

INFO:root:__________________________________________________________________________________________________

INFO:root:conv2d_6 (Conv2D)               (None, 32, 32, 128)  147584      activation_lreludown_block_2_2[0]

INFO:root:__________________________________________________________________________________________________

INFO:root:add_1 (Add)                     (None, 32, 32, 128)  0           conv2d_6[0][0]                   

INFO:root:                                                                 conv2d_4[0][0]                   

INFO:root:__________________________________________________________________________________________________

INFO:root:dropout_1 (Dropout)             (None, 32, 32, 128)  0           add_1[0][0]                      

INFO:root:__________________________________________________________________________________________________

INFO:root:conv2d_7 (Conv2D)               (None, 32, 32, 128)  147584      dropout_1[0][0]                  

INFO:root:__________________________________________________________________________________________________

INFO:root:max_pooling2d_1 (MaxPooling2D)  (None, 16, 16, 128)  0           conv2d_7[0][0]                   

INFO:root:__________________________________________________________________________________________________

INFO:root:conv2d_8 (Conv2D)               (None, 16, 16, 256)  33024       max_pooling2d_1[0][0]            

INFO:root:__________________________________________________________________________________________________

INFO:root:batch_normalization_4 (BatchNor (None, 16, 16, 256)  1024        conv2d_8[0][0]                   

INFO:root:__________________________________________________________________________________________________

INFO:root:activation_lreludown_block_3_1  (None, 16, 16, 256)  0           batch_normalization_4[0][0]      

INFO:root:__________________________________________________________________________________________________

INFO:root:conv2d_9 (Conv2D)               (None, 16, 16, 256)  590080      activation_lreludown_block_3_1[0]

INFO:root:__________________________________________________________________________________________________

INFO:root:batch_normalization_5 (BatchNor (None, 16, 16, 256)  1024        conv2d_9[0][0]                   

INFO:root:__________________________________________________________________________________________________

INFO:root:activation_lreludown_block_3_2  (None, 16, 16, 256)  0           batch_normalization_5[0][0]      

INFO:root:__________________________________________________________________________________________________

INFO:root:conv2d_10 (Conv2D)              (None, 16, 16, 256)  590080      activation_lreludown_block_3_2[0]

INFO:root:__________________________________________________________________________________________________

INFO:root:add_2 (Add)                     (None, 16, 16, 256)  0           conv2d_10[0][0]                  

INFO:root:                                                                 conv2d_8[0][0]                   

INFO:root:__________________________________________________________________________________________________

INFO:root:dropout_2 (Dropout)             (None, 16, 16, 256)  0           add_2[0][0]                      

INFO:root:__________________________________________________________________________________________________

INFO:root:conv2d_11 (Conv2D)              (None, 16, 16, 256)  590080      dropout_2[0][0]                  

INFO:root:__________________________________________________________________________________________________

INFO:root:max_pooling2d_2 (MaxPooling2D)  (None, 8, 8, 256)    0           conv2d_11[0][0]                  

INFO:root:__________________________________________________________________________________________________

INFO:root:batch_normalization_6 (BatchNor (None, 8, 8, 256)    1024        max_pooling2d_2[0][0]            

INFO:root:__________________________________________________________________________________________________

INFO:root:activation_lrelumiddle_resnet_1 (None, 8, 8, 256)    0           batch_normalization_6[0][0]      

INFO:root:__________________________________________________________________________________________________

INFO:root:conv2d_12 (Conv2D)              (None, 8, 8, 512)    1180160     activation_lrelumiddle_resnet_1[0

INFO:root:__________________________________________________________________________________________________

INFO:root:batch_normalization_7 (BatchNor (None, 8, 8, 512)    2048        conv2d_12[0][0]                  

INFO:root:__________________________________________________________________________________________________

INFO:root:activation_lrelumiddle_resnet_2 (None, 8, 8, 512)    0           batch_normalization_7[0][0]      

INFO:root:__________________________________________________________________________________________________

INFO:root:conv2d_13 (Conv2D)              (None, 8, 8, 512)    2359808     activation_lrelumiddle_resnet_2[0

INFO:root:__________________________________________________________________________________________________

INFO:root:dropout_3 (Dropout)             (None, 8, 8, 512)    0           conv2d_13[0][0]                  

INFO:root:__________________________________________________________________________________________________

INFO:root:conv2d_14 (Conv2D)              (None, 8, 8, 256)    131328      dropout_3[0][0]                  

INFO:root:__________________________________________________________________________________________________

INFO:root:batch_normalization_8 (BatchNor (None, 8, 8, 256)    1024        conv2d_14[0][0]                  

INFO:root:__________________________________________________________________________________________________

INFO:root:activation_lreluup_block_1_1 (L (None, 8, 8, 256)    0           batch_normalization_8[0][0]      

INFO:root:__________________________________________________________________________________________________

INFO:root:conv2d_15 (Conv2D)              (None, 8, 8, 256)    590080      activation_lreluup_block_1_1[0][0

INFO:root:__________________________________________________________________________________________________

INFO:root:batch_normalization_9 (BatchNor (None, 8, 8, 256)    1024        conv2d_15[0][0]                  

INFO:root:__________________________________________________________________________________________________

INFO:root:activation_lreluup_block_1_2 (L (None, 8, 8, 256)    0           batch_normalization_9[0][0]      

INFO:root:__________________________________________________________________________________________________

INFO:root:conv2d_16 (Conv2D)              (None, 8, 8, 256)    590080      activation_lreluup_block_1_2[0][0

INFO:root:__________________________________________________________________________________________________

INFO:root:add_3 (Add)                     (None, 8, 8, 256)    0           conv2d_16[0][0]                  

INFO:root:                                                                 conv2d_14[0][0]                  

INFO:root:__________________________________________________________________________________________________

INFO:root:dropout_4 (Dropout)             (None, 8, 8, 256)    0           add_3[0][0]                      

INFO:root:__________________________________________________________________________________________________

INFO:root:conv2d_17 (Conv2D)              (None, 8, 8, 1024)   263168      dropout_4[0][0]                  

INFO:root:__________________________________________________________________________________________________

INFO:root:sub_pixel (SubPixel)            (None, 16, 16, 256)  0           conv2d_17[0][0]                  

INFO:root:__________________________________________________________________________________________________

INFO:root:conv2d_18 (Conv2D)              (None, 16, 16, 128)  32896       sub_pixel[0][0]                  

INFO:root:__________________________________________________________________________________________________

INFO:root:batch_normalization_10 (BatchNo (None, 16, 16, 128)  512         conv2d_18[0][0]                  

INFO:root:__________________________________________________________________________________________________

INFO:root:activation_lreluup_block_2_1 (L (None, 16, 16, 128)  0           batch_normalization_10[0][0]     

INFO:root:__________________________________________________________________________________________________

INFO:root:conv2d_19 (Conv2D)              (None, 16, 16, 128)  147584      activation_lreluup_block_2_1[0][0

INFO:root:__________________________________________________________________________________________________

INFO:root:batch_normalization_11 (BatchNo (None, 16, 16, 128)  512         conv2d_19[0][0]                  

INFO:root:__________________________________________________________________________________________________

INFO:root:activation_lreluup_block_2_2 (L (None, 16, 16, 128)  0           batch_normalization_11[0][0]     

INFO:root:__________________________________________________________________________________________________

INFO:root:conv2d_20 (Conv2D)              (None, 16, 16, 128)  147584      activation_lreluup_block_2_2[0][0

INFO:root:__________________________________________________________________________________________________

INFO:root:add_4 (Add)                     (None, 16, 16, 128)  0           conv2d_20[0][0]                  

INFO:root:                                                                 conv2d_18[0][0]                  

INFO:root:__________________________________________________________________________________________________

INFO:root:dropout_5 (Dropout)             (None, 16, 16, 128)  0           add_4[0][0]                      

INFO:root:__________________________________________________________________________________________________

INFO:root:conv2d_21 (Conv2D)              (None, 16, 16, 512)  66048       dropout_5[0][0]                  

INFO:root:__________________________________________________________________________________________________

INFO:root:sub_pixel_1 (SubPixel)          (None, 32, 32, 128)  0           conv2d_21[0][0]                  

INFO:root:__________________________________________________________________________________________________

INFO:root:conv2d_22 (Conv2D)              (None, 32, 32, 64)   8256        sub_pixel_1[0][0]                

INFO:root:__________________________________________________________________________________________________

INFO:root:batch_normalization_12 (BatchNo (None, 32, 32, 64)   256         conv2d_22[0][0]                  

INFO:root:__________________________________________________________________________________________________

INFO:root:activation_lreluup_block_3_1 (L (None, 32, 32, 64)   0           batch_normalization_12[0][0]     

INFO:root:__________________________________________________________________________________________________

INFO:root:conv2d_23 (Conv2D)              (None, 32, 32, 64)   36928       activation_lreluup_block_3_1[0][0

INFO:root:__________________________________________________________________________________________________

INFO:root:batch_normalization_13 (BatchNo (None, 32, 32, 64)   256         conv2d_23[0][0]                  

INFO:root:__________________________________________________________________________________________________

INFO:root:activation_lreluup_block_3_2 (L (None, 32, 32, 64)   0           batch_normalization_13[0][0]     

INFO:root:__________________________________________________________________________________________________

INFO:root:conv2d_24 (Conv2D)              (None, 32, 32, 64)   36928       activation_lreluup_block_3_2[0][0

INFO:root:__________________________________________________________________________________________________

INFO:root:add_5 (Add)                     (None, 32, 32, 64)   0           conv2d_24[0][0]                  

INFO:root:                                                                 conv2d_22[0][0]                  

INFO:root:__________________________________________________________________________________________________

INFO:root:dropout_6 (Dropout)             (None, 32, 32, 64)   0           add_5[0][0]                      

INFO:root:__________________________________________________________________________________________________

INFO:root:conv2d_25 (Conv2D)              (None, 32, 32, 256)  16640       dropout_6[0][0]                  

INFO:root:__________________________________________________________________________________________________

INFO:root:sub_pixel_2 (SubPixel)          (None, 64, 64, 64)   0           conv2d_25[0][0]                  

INFO:root:__________________________________________________________________________________________________

INFO:root:output_layer (Conv2D)           (None, 64, 64, 1)    65          sub_pixel_2[0][0]                

INFO:root:__________________________________________________________________________________________________

INFO:root:activation_sigmoid (Activation) (None, 64, 64, 1)    0           output_layer[0][0]               

INFO:root:==================================================================================================

INFO:root:Total params: 7,983,041

INFO:root:Trainable params: 7,977,921

INFO:root:Non-trainable params: 5,120

INFO:root:__________________________________________________________________________________________________

INFO:root:dict_keys(['loss', 'accuracy', 'val_loss', 'val_accuracy'])
INFO:root:History for loss: 

INFO:root:[0.07850503921508789]
INFO:root:History for accuracy: 

INFO:root:[0.7714881896972656]
INFO:root:History for val_loss: 

INFO:root:[0.022296609356999397]
INFO:root:History for val_accuracy: 

INFO:root:[0.8730926513671875]
WARNING:tensorflow:From /home/ajepe/anaconda3/lib/python3.8/site-packages/tensorflow/python/ops/resource_variable_ops.py:1813: calling BaseResourceVariable.__init__ (from tensorflow.python.ops.resource_variable_ops) with constraint is deprecated and will be removed in a future version.
Instructions for updating:
If using Keras pass *_constraint arguments to layers.
INFO:tensorflow:Assets written to: model_07102020_15/assets
INFO:root:steps per epoch: 8
INFO:root:batch size: 32
INFO:root:Model: "model"

INFO:root:__________________________________________________________________________________________________

INFO:root:Layer (type)                    Output Shape         Param #     Connected to                     

INFO:root:==================================================================================================

INFO:root:input_1 (InputLayer)            [(None, 64, 64, 1)]  0                                            

INFO:root:__________________________________________________________________________________________________

INFO:root:conv2d (Conv2D)                 (None, 64, 64, 64)   128         input_1[0][0]                    

INFO:root:__________________________________________________________________________________________________

INFO:root:batch_normalization (BatchNorma (None, 64, 64, 64)   256         conv2d[0][0]                     

INFO:root:__________________________________________________________________________________________________

INFO:root:activation_lreludown_block_1_1  (None, 64, 64, 64)   0           batch_normalization[0][0]        

INFO:root:__________________________________________________________________________________________________

INFO:root:conv2d_1 (Conv2D)               (None, 64, 64, 64)   36928       activation_lreludown_block_1_1[0]

INFO:root:__________________________________________________________________________________________________

INFO:root:batch_normalization_1 (BatchNor (None, 64, 64, 64)   256         conv2d_1[0][0]                   

INFO:root:__________________________________________________________________________________________________

INFO:root:activation_lreludown_block_1_2  (None, 64, 64, 64)   0           batch_normalization_1[0][0]      

INFO:root:__________________________________________________________________________________________________

INFO:root:conv2d_2 (Conv2D)               (None, 64, 64, 64)   36928       activation_lreludown_block_1_2[0]

INFO:root:__________________________________________________________________________________________________

INFO:root:add (Add)                       (None, 64, 64, 64)   0           conv2d_2[0][0]                   

INFO:root:                                                                 conv2d[0][0]                     

INFO:root:__________________________________________________________________________________________________

INFO:root:dropout (Dropout)               (None, 64, 64, 64)   0           add[0][0]                        

INFO:root:__________________________________________________________________________________________________

INFO:root:conv2d_3 (Conv2D)               (None, 64, 64, 64)   36928       dropout[0][0]                    

INFO:root:__________________________________________________________________________________________________

INFO:root:max_pooling2d (MaxPooling2D)    (None, 32, 32, 64)   0           conv2d_3[0][0]                   

INFO:root:__________________________________________________________________________________________________

INFO:root:conv2d_4 (Conv2D)               (None, 32, 32, 128)  8320        max_pooling2d[0][0]              

INFO:root:__________________________________________________________________________________________________

INFO:root:batch_normalization_2 (BatchNor (None, 32, 32, 128)  512         conv2d_4[0][0]                   

INFO:root:__________________________________________________________________________________________________

INFO:root:activation_lreludown_block_2_1  (None, 32, 32, 128)  0           batch_normalization_2[0][0]      

INFO:root:__________________________________________________________________________________________________

INFO:root:conv2d_5 (Conv2D)               (None, 32, 32, 128)  147584      activation_lreludown_block_2_1[0]

INFO:root:__________________________________________________________________________________________________

INFO:root:batch_normalization_3 (BatchNor (None, 32, 32, 128)  512         conv2d_5[0][0]                   

INFO:root:__________________________________________________________________________________________________

INFO:root:activation_lreludown_block_2_2  (None, 32, 32, 128)  0           batch_normalization_3[0][0]      

INFO:root:__________________________________________________________________________________________________

INFO:root:conv2d_6 (Conv2D)               (None, 32, 32, 128)  147584      activation_lreludown_block_2_2[0]

INFO:root:__________________________________________________________________________________________________

INFO:root:add_1 (Add)                     (None, 32, 32, 128)  0           conv2d_6[0][0]                   

INFO:root:                                                                 conv2d_4[0][0]                   

INFO:root:__________________________________________________________________________________________________

INFO:root:dropout_1 (Dropout)             (None, 32, 32, 128)  0           add_1[0][0]                      

INFO:root:__________________________________________________________________________________________________

INFO:root:conv2d_7 (Conv2D)               (None, 32, 32, 128)  147584      dropout_1[0][0]                  

INFO:root:__________________________________________________________________________________________________

INFO:root:max_pooling2d_1 (MaxPooling2D)  (None, 16, 16, 128)  0           conv2d_7[0][0]                   

INFO:root:__________________________________________________________________________________________________

INFO:root:conv2d_8 (Conv2D)               (None, 16, 16, 256)  33024       max_pooling2d_1[0][0]            

INFO:root:__________________________________________________________________________________________________

INFO:root:batch_normalization_4 (BatchNor (None, 16, 16, 256)  1024        conv2d_8[0][0]                   

INFO:root:__________________________________________________________________________________________________

INFO:root:activation_lreludown_block_3_1  (None, 16, 16, 256)  0           batch_normalization_4[0][0]      

INFO:root:__________________________________________________________________________________________________

INFO:root:conv2d_9 (Conv2D)               (None, 16, 16, 256)  590080      activation_lreludown_block_3_1[0]

INFO:root:__________________________________________________________________________________________________

INFO:root:batch_normalization_5 (BatchNor (None, 16, 16, 256)  1024        conv2d_9[0][0]                   

INFO:root:__________________________________________________________________________________________________

INFO:root:activation_lreludown_block_3_2  (None, 16, 16, 256)  0           batch_normalization_5[0][0]      

INFO:root:__________________________________________________________________________________________________

INFO:root:conv2d_10 (Conv2D)              (None, 16, 16, 256)  590080      activation_lreludown_block_3_2[0]

INFO:root:__________________________________________________________________________________________________

INFO:root:add_2 (Add)                     (None, 16, 16, 256)  0           conv2d_10[0][0]                  

INFO:root:                                                                 conv2d_8[0][0]                   

INFO:root:__________________________________________________________________________________________________

INFO:root:dropout_2 (Dropout)             (None, 16, 16, 256)  0           add_2[0][0]                      

INFO:root:__________________________________________________________________________________________________

INFO:root:conv2d_11 (Conv2D)              (None, 16, 16, 256)  590080      dropout_2[0][0]                  

INFO:root:__________________________________________________________________________________________________

INFO:root:max_pooling2d_2 (MaxPooling2D)  (None, 8, 8, 256)    0           conv2d_11[0][0]                  

INFO:root:__________________________________________________________________________________________________

INFO:root:batch_normalization_6 (BatchNor (None, 8, 8, 256)    1024        max_pooling2d_2[0][0]            

INFO:root:__________________________________________________________________________________________________

INFO:root:activation_lrelumiddle_resnet_1 (None, 8, 8, 256)    0           batch_normalization_6[0][0]      

INFO:root:__________________________________________________________________________________________________

INFO:root:conv2d_12 (Conv2D)              (None, 8, 8, 512)    1180160     activation_lrelumiddle_resnet_1[0

INFO:root:__________________________________________________________________________________________________

INFO:root:batch_normalization_7 (BatchNor (None, 8, 8, 512)    2048        conv2d_12[0][0]                  

INFO:root:__________________________________________________________________________________________________

INFO:root:activation_lrelumiddle_resnet_2 (None, 8, 8, 512)    0           batch_normalization_7[0][0]      

INFO:root:__________________________________________________________________________________________________

INFO:root:conv2d_13 (Conv2D)              (None, 8, 8, 512)    2359808     activation_lrelumiddle_resnet_2[0

INFO:root:__________________________________________________________________________________________________

INFO:root:dropout_3 (Dropout)             (None, 8, 8, 512)    0           conv2d_13[0][0]                  

INFO:root:__________________________________________________________________________________________________

INFO:root:conv2d_14 (Conv2D)              (None, 8, 8, 256)    131328      dropout_3[0][0]                  

INFO:root:__________________________________________________________________________________________________

INFO:root:batch_normalization_8 (BatchNor (None, 8, 8, 256)    1024        conv2d_14[0][0]                  

INFO:root:__________________________________________________________________________________________________

INFO:root:activation_lreluup_block_1_1 (L (None, 8, 8, 256)    0           batch_normalization_8[0][0]      

INFO:root:__________________________________________________________________________________________________

INFO:root:conv2d_15 (Conv2D)              (None, 8, 8, 256)    590080      activation_lreluup_block_1_1[0][0

INFO:root:__________________________________________________________________________________________________

INFO:root:batch_normalization_9 (BatchNor (None, 8, 8, 256)    1024        conv2d_15[0][0]                  

INFO:root:__________________________________________________________________________________________________

INFO:root:activation_lreluup_block_1_2 (L (None, 8, 8, 256)    0           batch_normalization_9[0][0]      

INFO:root:__________________________________________________________________________________________________

INFO:root:conv2d_16 (Conv2D)              (None, 8, 8, 256)    590080      activation_lreluup_block_1_2[0][0

INFO:root:__________________________________________________________________________________________________

INFO:root:add_3 (Add)                     (None, 8, 8, 256)    0           conv2d_16[0][0]                  

INFO:root:                                                                 conv2d_14[0][0]                  

INFO:root:__________________________________________________________________________________________________

INFO:root:dropout_4 (Dropout)             (None, 8, 8, 256)    0           add_3[0][0]                      

INFO:root:__________________________________________________________________________________________________

INFO:root:conv2d_17 (Conv2D)              (None, 8, 8, 1024)   263168      dropout_4[0][0]                  

INFO:root:__________________________________________________________________________________________________

INFO:root:sub_pixel (SubPixel)            (None, 16, 16, 256)  0           conv2d_17[0][0]                  

INFO:root:__________________________________________________________________________________________________

INFO:root:conv2d_18 (Conv2D)              (None, 16, 16, 128)  32896       sub_pixel[0][0]                  

INFO:root:__________________________________________________________________________________________________

INFO:root:batch_normalization_10 (BatchNo (None, 16, 16, 128)  512         conv2d_18[0][0]                  

INFO:root:__________________________________________________________________________________________________

INFO:root:activation_lreluup_block_2_1 (L (None, 16, 16, 128)  0           batch_normalization_10[0][0]     

INFO:root:__________________________________________________________________________________________________

INFO:root:conv2d_19 (Conv2D)              (None, 16, 16, 128)  147584      activation_lreluup_block_2_1[0][0

INFO:root:__________________________________________________________________________________________________

INFO:root:batch_normalization_11 (BatchNo (None, 16, 16, 128)  512         conv2d_19[0][0]                  

INFO:root:__________________________________________________________________________________________________

INFO:root:activation_lreluup_block_2_2 (L (None, 16, 16, 128)  0           batch_normalization_11[0][0]     

INFO:root:__________________________________________________________________________________________________

INFO:root:conv2d_20 (Conv2D)              (None, 16, 16, 128)  147584      activation_lreluup_block_2_2[0][0

INFO:root:__________________________________________________________________________________________________

INFO:root:add_4 (Add)                     (None, 16, 16, 128)  0           conv2d_20[0][0]                  

INFO:root:                                                                 conv2d_18[0][0]                  

INFO:root:__________________________________________________________________________________________________

INFO:root:dropout_5 (Dropout)             (None, 16, 16, 128)  0           add_4[0][0]                      

INFO:root:__________________________________________________________________________________________________

INFO:root:conv2d_21 (Conv2D)              (None, 16, 16, 512)  66048       dropout_5[0][0]                  

INFO:root:__________________________________________________________________________________________________

INFO:root:sub_pixel_1 (SubPixel)          (None, 32, 32, 128)  0           conv2d_21[0][0]                  

INFO:root:__________________________________________________________________________________________________

INFO:root:conv2d_22 (Conv2D)              (None, 32, 32, 64)   8256        sub_pixel_1[0][0]                

INFO:root:__________________________________________________________________________________________________

INFO:root:batch_normalization_12 (BatchNo (None, 32, 32, 64)   256         conv2d_22[0][0]                  

INFO:root:__________________________________________________________________________________________________

INFO:root:activation_lreluup_block_3_1 (L (None, 32, 32, 64)   0           batch_normalization_12[0][0]     

INFO:root:__________________________________________________________________________________________________

INFO:root:conv2d_23 (Conv2D)              (None, 32, 32, 64)   36928       activation_lreluup_block_3_1[0][0

INFO:root:__________________________________________________________________________________________________

INFO:root:batch_normalization_13 (BatchNo (None, 32, 32, 64)   256         conv2d_23[0][0]                  

INFO:root:__________________________________________________________________________________________________

INFO:root:activation_lreluup_block_3_2 (L (None, 32, 32, 64)   0           batch_normalization_13[0][0]     

INFO:root:__________________________________________________________________________________________________

INFO:root:conv2d_24 (Conv2D)              (None, 32, 32, 64)   36928       activation_lreluup_block_3_2[0][0

INFO:root:__________________________________________________________________________________________________

INFO:root:add_5 (Add)                     (None, 32, 32, 64)   0           conv2d_24[0][0]                  

INFO:root:                                                                 conv2d_22[0][0]                  

INFO:root:__________________________________________________________________________________________________

INFO:root:dropout_6 (Dropout)             (None, 32, 32, 64)   0           add_5[0][0]                      

INFO:root:__________________________________________________________________________________________________

INFO:root:conv2d_25 (Conv2D)              (None, 32, 32, 256)  16640       dropout_6[0][0]                  

INFO:root:__________________________________________________________________________________________________

INFO:root:sub_pixel_2 (SubPixel)          (None, 64, 64, 64)   0           conv2d_25[0][0]                  

INFO:root:__________________________________________________________________________________________________

INFO:root:output_layer (Conv2D)           (None, 64, 64, 1)    65          sub_pixel_2[0][0]                

INFO:root:__________________________________________________________________________________________________

INFO:root:activation_sigmoid (Activation) (None, 64, 64, 1)    0           output_layer[0][0]               

INFO:root:==================================================================================================

INFO:root:Total params: 7,983,041

INFO:root:Trainable params: 7,977,921

INFO:root:Non-trainable params: 5,120

INFO:root:__________________________________________________________________________________________________

INFO:root:dict_keys(['loss', 'accuracy', 'val_loss', 'val_accuracy'])
INFO:root:History for loss: 

INFO:root:[0.0887594223022461, 0.022269491106271744, 0.02225436642765999, 0.022273512557148933, 0.022242402657866478, 0.02223784103989601, 0.0222373828291893, 0.022235365584492683, 0.022233717143535614, 0.022233758121728897, 0.022235482931137085, 0.02223367802798748, 0.022233758121728897, 0.02223418653011322, 0.022233672440052032]
INFO:root:History for accuracy: 

INFO:root:[0.7572345733642578, 0.8721523284912109, 0.8721780776977539, 0.8721799850463867, 0.8721904754638672, 0.8721981048583984, 0.8722000122070312, 0.8721981048583984, 0.8722028732299805, 0.8722028732299805, 0.8722009658813477, 0.8722028732299805, 0.8722028732299805, 0.8722019195556641, 0.8722028732299805]
INFO:root:History for val_loss: 

INFO:root:[0.02881460078060627, 0.021385669708251953, 0.021520644426345825, 0.022242754697799683, 0.022286001592874527, 0.022286774590611458, 0.022286809980869293, 0.022286809980869293, 0.022286809980869293, 0.022286809980869293, 0.022286809980869293, 0.022286809980869293, 0.022286809980869293, 0.022286809980869293, 0.022286809980869293]
INFO:root:History for val_accuracy: 

INFO:root:[0.8730926513671875, 0.8730926513671875, 0.8730926513671875, 0.8730926513671875, 0.8730926513671875, 0.8730926513671875, 0.8730926513671875, 0.8730926513671875, 0.8730926513671875, 0.8730926513671875, 0.8730926513671875, 0.8730926513671875, 0.8730926513671875, 0.8730926513671875, 0.8730926513671875]
WARNING:tensorflow:From /home/ajepe/anaconda3/lib/python3.8/site-packages/tensorflow/python/ops/resource_variable_ops.py:1813: calling BaseResourceVariable.__init__ (from tensorflow.python.ops.resource_variable_ops) with constraint is deprecated and will be removed in a future version.
Instructions for updating:
If using Keras pass *_constraint arguments to layers.
INFO:tensorflow:Assets written to: model_07102020_15/assets
